;  LST file generated by mikroListExporter - v.2.0 
; Date/Time: 11.01.2023 17:09:05
;----------------------------------------------

;Address Opcode 	ASM
0x0000	0xF000EF1B  	GOTO        54
0x0004	0x0000      	NOP
0x0006	0x0000      	NOP
0x0008	0xF000EF00  	GOTO        0
0x000C	0x0000      	NOP
0x000E	0x0000      	NOP
0x0010	0x0000      	NOP
0x0012	0x0000      	NOP
0x0014	0x0000      	NOP
0x0016	0x0000      	NOP
0x0018	0xD7F3      	BRA         0
_wait:
;LED_BUTTON.c,38 :: 		void wait()
;LED_BUTTON.c,40 :: 		delay_ms(20);
0x001C	0x0E02      	MOVLW       2
0x001E	0x6E0B      	MOVWF       R11, 0
0x0020	0x0E38      	MOVLW       56
0x0022	0x6E0C      	MOVWF       R12, 0
0x0024	0x0EAD      	MOVLW       173
0x0026	0x6E0D      	MOVWF       R13, 0
L_wait5:
0x0028	0x2E0D      	DECFSZ      R13, 1, 0
0x002A	0xD7FE      	BRA         L_wait5
0x002C	0x2E0C      	DECFSZ      R12, 1, 0
0x002E	0xD7FC      	BRA         L_wait5
0x0030	0x2E0B      	DECFSZ      R11, 1, 0
0x0032	0xD7FA      	BRA         L_wait5
;LED_BUTTON.c,41 :: 		}
L_end_wait:
0x0034	0x0012      	RETURN      0
; end of _wait
_main:
;LED_BUTTON.c,11 :: 		void main()
;LED_BUTTON.c,13 :: 		TRISA  =0xFF;         //RA 0 giriþ olarak verdýk
0x0036	0x0EFF      	MOVLW       255
0x0038	0x6E92      	MOVWF       TRISA 
;LED_BUTTON.c,14 :: 		TRISE =0x00;
0x003A	0x6A96      	CLRF        TRISE 
;LED_BUTTON.c,16 :: 		LATA= 0x00;
0x003C	0x6A89      	CLRF        LATA 
;LED_BUTTON.c,17 :: 		LATE=0x00;
0x003E	0x6A8D      	CLRF        LATE 
;LED_BUTTON.c,19 :: 		ADCON1 = 0xFF; //burada analog bir deðeri digital olarak kullanacaðýz bu yüzden ADCON kontrol registerýmýzýn bütün bitlerini 1 yaptýk
0x0040	0x0EFF      	MOVLW       255
0x0042	0x6EC1      	MOVWF       ADCON1 
;LED_BUTTON.c,22 :: 		while(1)
L_main0:
;LED_BUTTON.c,24 :: 		if(button) {
0x0044	0xA080      	BTFSS       RA0_bit, BitPos(RA0_bit+0) 
0x0046	0xD005      	BRA         L_main2
;LED_BUTTON.c,25 :: 		LEDR= 1; LEDG = 1; LEDB =1; //burada butona her bastýgýmýda E portunda 1 birim kayacak yani diðer ledleri de yakacak
0x0048	0x808D      	BSF         LATE0_bit, BitPos(LATE0_bit+0) 
0x004A	0x828D      	BSF         LATE1_bit, BitPos(LATE1_bit+0) 
0x004C	0x848D      	BSF         LATE2_bit, BitPos(LATE2_bit+0) 
;LED_BUTTON.c,26 :: 		wait();
0x004E	0xDFE6      	RCALL       _wait
;LED_BUTTON.c,27 :: 		}
0x0050	0xD006      	BRA         L_main3
L_main2:
;LED_BUTTON.c,28 :: 		else  if(!button){
0x0052	0xB080      	BTFSC       RA0_bit, BitPos(RA0_bit+0) 
0x0054	0xD004      	BRA         L_main4
;LED_BUTTON.c,29 :: 		LEDR = 0; LEDG = 0; LEDB = 0; // E portunun pinlerini 1 birim sola kaydýr
0x0056	0x908D      	BCF         LATE0_bit, BitPos(LATE0_bit+0) 
0x0058	0x928D      	BCF         LATE1_bit, BitPos(LATE1_bit+0) 
0x005A	0x948D      	BCF         LATE2_bit, BitPos(LATE2_bit+0) 
;LED_BUTTON.c,30 :: 		wait();
0x005C	0xDFDF      	RCALL       _wait
;LED_BUTTON.c,31 :: 		}
L_main4:
L_main3:
;LED_BUTTON.c,34 :: 		}
0x005E	0xD7F2      	BRA         L_main0
;LED_BUTTON.c,36 :: 		}
L_end_main:
0x0060	0xD7FF      	BRA         $+0
; end of _main
Symbol List:
//** Routines locations **
//ADDRESS    SIZE    PROCEDURE
//----------------------------------------------
0x001C      [26]    _wait
0x0036      [44]    _main
//** Variables locations ** 
//ADDRESS    SIZE    VARIABLE
//----------------------------------------------
0x0000       [1]    R0
0x0001       [1]    R1
0x0002       [1]    R2
0x0003       [1]    R3
0x0004       [1]    R4
0x0005       [1]    R5
0x0006       [1]    R6
0x0007       [1]    R7
0x0008       [1]    R8
0x0009       [1]    R9
0x000A       [1]    R10
0x000B       [1]    R11
0x000C       [1]    R12
0x000D       [1]    R13
0x000E       [1]    R14
0x000F       [1]    R15
0x0010       [1]    R16
0x0011       [1]    R17
0x0012       [1]    R18
0x0013       [1]    R19
0x0014       [1]    R20
0x0F80       [0]    RA0_bit
0x0F80       [0]    button
0x0F89       [1]    LATA
0x0F8D       [0]    LEDB
0x0F8D       [1]    LATE
0x0F8D       [0]    LATE0_bit
0x0F8D       [0]    LATE2_bit
0x0F8D       [0]    LEDR
0x0F8D       [0]    LEDG
0x0F8D       [0]    LATE1_bit
0x0F92       [1]    TRISA
0x0F96       [1]    TRISE
0x0FC1       [1]    ADCON1
0x0FD8       [1]    STATUS
0x0FD9       [1]    FSR2L
0x0FDA       [1]    FSR2H
0x0FDE       [1]    POSTINC2
0x0FE0       [1]    BSR
0x0FE1       [1]    FSR1L
0x0FE2       [1]    FSR1H
0x0FE4       [1]    PREINC1
0x0FE6       [1]    POSTINC1
0x0FE7       [1]    INDF1
0x0FE8       [1]    WREG
0x0FE9       [1]    FSR0L
0x0FEA       [1]    FSR0H
0x0FEE       [1]    POSTINC0
0x0FF3       [1]    PRODL
0x0FF4       [1]    PRODH
0x0FF5       [1]    TABLAT
0x0FF6       [1]    TBLPTRL
0x0FF7       [1]    TBLPTRH
0x0FF8       [1]    TBLPTRU
