;  LST file generated by mikroListExporter - v.2.0 
; Date/Time: 11.01.2023 13:29:27
;----------------------------------------------

;Address Opcode 	ASM
0x0000	0xF000EF24  	GOTO        72
0x0004	0x0000      	NOP
0x0006	0x0000      	NOP
0x0008	0xF000EF00  	GOTO        0
0x000C	0x0000      	NOP
0x000E	0x0000      	NOP
0x0010	0x0000      	NOP
0x0012	0x0000      	NOP
0x0014	0x0000      	NOP
0x0016	0x0000      	NOP
0x0018	0xD7F3      	BRA         0
_wait:
;main.c,38 :: 		void wait(void)
;main.c,40 :: 		delay_ms(50);
0x001C	0x0E04      	MOVLW       4
0x001E	0x6E0B      	MOVWF       R11, 0
0x0020	0x0E0C      	MOVLW       12
0x0022	0x6E0C      	MOVWF       R12, 0
0x0024	0x0E33      	MOVLW       51
0x0026	0x6E0D      	MOVWF       R13, 0
L_wait2:
0x0028	0x2E0D      	DECFSZ      R13, 1, 0
0x002A	0xD7FE      	BRA         L_wait2
0x002C	0x2E0C      	DECFSZ      R12, 1, 0
0x002E	0xD7FC      	BRA         L_wait2
0x0030	0x2E0B      	DECFSZ      R11, 1, 0
0x0032	0xD7FA      	BRA         L_wait2
0x0034	0x0000      	NOP
0x0036	0x0000      	NOP
;main.c,41 :: 		}
L_end_wait:
0x0038	0x0012      	RETURN      0
; end of _wait
_LED_An:
;main.c,31 :: 		void LED_An(void)
;main.c,33 :: 		LEDR =! LEDR; wait();
0x003A	0x708D      	BTG         LATE0_bit, BitPos(LATE0_bit+0) 
0x003C	0xDFEF      	RCALL       _wait
;main.c,34 :: 		LEDG =! LEDG; wait();
0x003E	0x728D      	BTG         LATE1_bit, BitPos(LATE1_bit+0) 
0x0040	0xDFED      	RCALL       _wait
;main.c,35 :: 		LEDB =! LEDB; wait();
0x0042	0x748D      	BTG         LATE2_bit, BitPos(LATE2_bit+0) 
0x0044	0xDFEB      	RCALL       _wait
;main.c,37 :: 		}
L_end_LED_An:
0x0046	0x0012      	RETURN      0
; end of _LED_An
_main:
;main.c,12 :: 		void main()
;main.c,14 :: 		TRISA = 0b00000000;   //Bu kýsým denetleyici üzerindeki LED leri çalýþtýrmak içindir
0x0048	0x6A92      	CLRF        TRISA 
;main.c,15 :: 		TRISE  =0x00; // buradada hepsini çýkýþ veridk
0x004A	0x6A96      	CLRF        TRISE 
;main.c,18 :: 		LATA = 0x00;
0x004C	0x6A89      	CLRF        LATA 
;main.c,19 :: 		LATE = 0x00;
0x004E	0x6A8D      	CLRF        LATE 
;main.c,22 :: 		while(1)
L_main0:
;main.c,24 :: 		LED =! LED; wait();
0x0050	0x7889      	BTG         LATA4_bit, BitPos(LATA4_bit+0) 
0x0052	0xDFE4      	RCALL       _wait
;main.c,25 :: 		LED_An();
0x0054	0xDFF2      	RCALL       _LED_An
;main.c,28 :: 		}
0x0056	0xD7FC      	BRA         L_main0
;main.c,29 :: 		}
L_end_main:
0x0058	0xD7FF      	BRA         $+0
; end of _main
Symbol List:
//** Routines locations **
//ADDRESS    SIZE    PROCEDURE
//----------------------------------------------
0x001C      [30]    _wait
0x003A      [14]    _LED_An
0x0048      [18]    _main
//** Variables locations ** 
//ADDRESS    SIZE    VARIABLE
//----------------------------------------------
0x0000       [1]    R0
0x0001       [1]    R1
0x0002       [1]    R2
0x0003       [1]    R3
0x0004       [1]    R4
0x0005       [1]    R5
0x0006       [1]    R6
0x0007       [1]    R7
0x0008       [1]    R8
0x0009       [1]    R9
0x000A       [1]    R10
0x000B       [1]    R11
0x000C       [1]    R12
0x000D       [1]    R13
0x000E       [1]    R14
0x000F       [1]    R15
0x0010       [1]    R16
0x0011       [1]    R17
0x0012       [1]    R18
0x0013       [1]    R19
0x0014       [1]    R20
0x0F89       [0]    LATA4_bit
0x0F89       [1]    LATA
0x0F89       [0]    LED
0x0F8D       [0]    LATE0_bit
0x0F8D       [0]    LATE1_bit
0x0F8D       [0]    LATE2_bit
0x0F8D       [1]    LATE
0x0F8D       [0]    LEDB
0x0F8D       [0]    LEDR
0x0F8D       [0]    LEDG
0x0F92       [1]    TRISA
0x0F96       [1]    TRISE
0x0FD8       [1]    STATUS
0x0FD9       [1]    FSR2L
0x0FDA       [1]    FSR2H
0x0FDE       [1]    POSTINC2
0x0FE0       [1]    BSR
0x0FE1       [1]    FSR1L
0x0FE2       [1]    FSR1H
0x0FE4       [1]    PREINC1
0x0FE6       [1]    POSTINC1
0x0FE7       [1]    INDF1
0x0FE8       [1]    WREG
0x0FE9       [1]    FSR0L
0x0FEA       [1]    FSR0H
0x0FEE       [1]    POSTINC0
0x0FF3       [1]    PRODL
0x0FF4       [1]    PRODH
0x0FF5       [1]    TABLAT
0x0FF6       [1]    TBLPTRL
0x0FF7       [1]    TBLPTRH
0x0FF8       [1]    TBLPTRU
